0 info it worked if it ends with ok
1 verbose cli [ 'C:\\Program Files\\nodejs\\node.exe',
1 verbose cli   'C:\\Program Files\\nodejs\\node_modules\\npm\\bin\\npm-cli.js',
1 verbose cli   'install',
1 verbose cli   'foundation-sites@6.2.-',
1 verbose cli   '--save-exact',
1 verbose cli   '--save-dev' ]
2 info using npm@4.0.5
3 info using node@v7.4.0
4 silly loadCurrentTree Starting
5 silly install loadCurrentTree
6 silly install readLocalPackageData
7 silly fetchPackageMetaData foundation-sites@6.2.-
8 silly fetchNamedPackageData foundation-sites
9 silly mapToRegistry name foundation-sites
10 silly mapToRegistry using default registry
11 silly mapToRegistry registry https://registry.npmjs.org/
12 silly mapToRegistry data Result {
12 silly mapToRegistry   raw: 'foundation-sites',
12 silly mapToRegistry   scope: null,
12 silly mapToRegistry   escapedName: 'foundation-sites',
12 silly mapToRegistry   name: 'foundation-sites',
12 silly mapToRegistry   rawSpec: '',
12 silly mapToRegistry   spec: 'latest',
12 silly mapToRegistry   type: 'tag' }
13 silly mapToRegistry uri https://registry.npmjs.org/foundation-sites
14 verbose request uri https://registry.npmjs.org/foundation-sites
15 verbose request no auth needed
16 info attempt registry request try #1 at 3:16:54 PM
17 verbose request id 19c7e6a8c95c6802
18 verbose etag W/"58597a38-15851"
19 verbose lastModified Tue, 20 Dec 2016 18:36:40 GMT
20 http request GET https://registry.npmjs.org/foundation-sites
21 http 304 https://registry.npmjs.org/foundation-sites
22 verbose headers { date: 'Fri, 03 Feb 2017 15:16:55 GMT',
22 verbose headers   via: '1.1 varnish',
22 verbose headers   'cache-control': 'max-age=300',
22 verbose headers   etag: 'W/"58597a38-15851"',
22 verbose headers   age: '119',
22 verbose headers   connection: 'keep-alive',
22 verbose headers   'x-served-by': 'cache-ams4121-AMS',
22 verbose headers   'x-cache': 'HIT',
22 verbose headers   'x-cache-hits': '2',
22 verbose headers   'x-timer': 'S1486135015.645401,VS0,VE0',
22 verbose headers   vary: 'Accept-Encoding' }
23 silly get cb [ 304,
23 silly get   { date: 'Fri, 03 Feb 2017 15:16:55 GMT',
23 silly get     via: '1.1 varnish',
23 silly get     'cache-control': 'max-age=300',
23 silly get     etag: 'W/"58597a38-15851"',
23 silly get     age: '119',
23 silly get     connection: 'keep-alive',
23 silly get     'x-served-by': 'cache-ams4121-AMS',
23 silly get     'x-cache': 'HIT',
23 silly get     'x-cache-hits': '2',
23 silly get     'x-timer': 'S1486135015.645401,VS0,VE0',
23 silly get     vary: 'Accept-Encoding' } ]
24 verbose etag https://registry.npmjs.org/foundation-sites from cache
25 verbose get saving foundation-sites to C:\Users\Owner\AppData\Roaming\npm-cache\registry.npmjs.org\foundation-sites\.cache.json
26 verbose correctMkdir C:\Users\Owner\AppData\Roaming\npm-cache correctMkdir not in flight; initializing
27 silly fetchNamedPackageData No valid target from cache, forcing network
28 verbose request uri https://registry.npmjs.org/foundation-sites
29 verbose request no auth needed
30 info attempt registry request try #1 at 3:16:55 PM
31 http request GET https://registry.npmjs.org/foundation-sites
32 http 200 https://registry.npmjs.org/foundation-sites
33 verbose headers { server: 'nginx/1.10.1',
33 verbose headers   'content-type': 'application/json',
33 verbose headers   'last-modified': 'Tue, 20 Dec 2016 18:36:40 GMT',
33 verbose headers   etag: 'W/"58597a38-15851"',
33 verbose headers   'content-encoding': 'gzip',
33 verbose headers   'cache-control': 'max-age=300',
33 verbose headers   'content-length': '7859',
33 verbose headers   'accept-ranges': 'bytes',
33 verbose headers   date: 'Fri, 03 Feb 2017 15:16:55 GMT',
33 verbose headers   via: '1.1 varnish',
33 verbose headers   age: '120',
33 verbose headers   connection: 'keep-alive',
33 verbose headers   'x-served-by': 'cache-ams4121-AMS',
33 verbose headers   'x-cache': 'HIT',
33 verbose headers   'x-cache-hits': '3',
33 verbose headers   'x-timer': 'S1486135015.712868,VS0,VE0',
33 verbose headers   vary: 'Accept-Encoding' }
34 silly get cb [ 200,
34 silly get   { server: 'nginx/1.10.1',
34 silly get     'content-type': 'application/json',
34 silly get     'last-modified': 'Tue, 20 Dec 2016 18:36:40 GMT',
34 silly get     etag: 'W/"58597a38-15851"',
34 silly get     'content-encoding': 'gzip',
34 silly get     'cache-control': 'max-age=300',
34 silly get     'content-length': '7859',
34 silly get     'accept-ranges': 'bytes',
34 silly get     date: 'Fri, 03 Feb 2017 15:16:55 GMT',
34 silly get     via: '1.1 varnish',
34 silly get     age: '120',
34 silly get     connection: 'keep-alive',
34 silly get     'x-served-by': 'cache-ams4121-AMS',
34 silly get     'x-cache': 'HIT',
34 silly get     'x-cache-hits': '3',
34 silly get     'x-timer': 'S1486135015.712868,VS0,VE0',
34 silly get     vary: 'Accept-Encoding' } ]
35 verbose get saving foundation-sites to C:\Users\Owner\AppData\Roaming\npm-cache\registry.npmjs.org\foundation-sites\.cache.json
36 verbose correctMkdir C:\Users\Owner\AppData\Roaming\npm-cache correctMkdir not in flight; initializing
37 silly fetchPackageMetaData Error: No compatible version found: foundation-sites@6.2.-
37 silly fetchPackageMetaData Valid install targets:
37 silly fetchPackageMetaData 6.3.0, 6.3.0-rc3, 6.3.0-rc2, 6.3.0-rc1, 6.2.4, 6.2.4-rc2, 6.2.4-rc1, 6.2.3, 6.2.2-rc2, 6.2.2-rc1, 6.2.2-0, 6.2.1, 6.2.0, 6.2.0-rc.1, 6.1.2, 6.1.1, 6.1.0, 6.0.6, 6.0.5, 6.0.4, 6.0.3, 6.0.2, 6.0.1, 6.0.0, 6.0.0-alpha.2, 6.0.0-alpha.1, 5.5.3, 5.5.2
37 silly fetchPackageMetaData
37 silly fetchPackageMetaData     at pickVersionFromRegistryDocument (C:\Program Files\nodejs\node_modules\npm\lib\fetch-package-metadata.js:178:16)
37 silly fetchPackageMetaData     at C:\Program Files\nodejs\node_modules\npm\node_modules\iferr\index.js:13:50
37 silly fetchPackageMetaData     at C:\Program Files\nodejs\node_modules\npm\lib\utils\pulse-till-done.js:20:8
37 silly fetchPackageMetaData     at saved (C:\Program Files\nodejs\node_modules\npm\lib\cache\caching-client.js:174:7)
37 silly fetchPackageMetaData     at C:\Program Files\nodejs\node_modules\npm\node_modules\graceful-fs\polyfills.js:261:18
37 silly fetchPackageMetaData     at FSReqWrap.oncomplete (fs.js:112:15)
37 silly fetchPackageMetaData  error for foundation-sites@6.2.- { Error: No compatible version found: foundation-sites@6.2.-
37 silly fetchPackageMetaData Valid install targets:
37 silly fetchPackageMetaData 6.3.0, 6.3.0-rc3, 6.3.0-rc2, 6.3.0-rc1, 6.2.4, 6.2.4-rc2, 6.2.4-rc1, 6.2.3, 6.2.2-rc2, 6.2.2-rc1, 6.2.2-0, 6.2.1, 6.2.0, 6.2.0-rc.1, 6.1.2, 6.1.1, 6.1.0, 6.0.6, 6.0.5, 6.0.4, 6.0.3, 6.0.2, 6.0.1, 6.0.0, 6.0.0-alpha.2, 6.0.0-alpha.1, 5.5.3, 5.5.2
37 silly fetchPackageMetaData
37 silly fetchPackageMetaData     at pickVersionFromRegistryDocument (C:\Program Files\nodejs\node_modules\npm\lib\fetch-package-metadata.js:178:16)
37 silly fetchPackageMetaData     at C:\Program Files\nodejs\node_modules\npm\node_modules\iferr\index.js:13:50
37 silly fetchPackageMetaData     at C:\Program Files\nodejs\node_modules\npm\lib\utils\pulse-till-done.js:20:8
37 silly fetchPackageMetaData     at saved (C:\Program Files\nodejs\node_modules\npm\lib\cache\caching-client.js:174:7)
37 silly fetchPackageMetaData     at C:\Program Files\nodejs\node_modules\npm\node_modules\graceful-fs\polyfills.js:261:18
37 silly fetchPackageMetaData     at FSReqWrap.oncomplete (fs.js:112:15) code: 'ETARGET' }
38 silly rollbackFailedOptional Starting
39 silly rollbackFailedOptional Finishing
40 silly runTopLevelLifecycles Finishing
41 silly install printInstalled
42 verbose stack Error: No compatible version found: foundation-sites@6.2.-
42 verbose stack Valid install targets:
42 verbose stack 6.3.0, 6.3.0-rc3, 6.3.0-rc2, 6.3.0-rc1, 6.2.4, 6.2.4-rc2, 6.2.4-rc1, 6.2.3, 6.2.2-rc2, 6.2.2-rc1, 6.2.2-0, 6.2.1, 6.2.0, 6.2.0-rc.1, 6.1.2, 6.1.1, 6.1.0, 6.0.6, 6.0.5, 6.0.4, 6.0.3, 6.0.2, 6.0.1, 6.0.0, 6.0.0-alpha.2, 6.0.0-alpha.1, 5.5.3, 5.5.2
42 verbose stack
42 verbose stack     at pickVersionFromRegistryDocument (C:\Program Files\nodejs\node_modules\npm\lib\fetch-package-metadata.js:178:16)
42 verbose stack     at C:\Program Files\nodejs\node_modules\npm\node_modules\iferr\index.js:13:50
42 verbose stack     at C:\Program Files\nodejs\node_modules\npm\lib\utils\pulse-till-done.js:20:8
42 verbose stack     at saved (C:\Program Files\nodejs\node_modules\npm\lib\cache\caching-client.js:174:7)
42 verbose stack     at C:\Program Files\nodejs\node_modules\npm\node_modules\graceful-fs\polyfills.js:261:18
42 verbose stack     at FSReqWrap.oncomplete (fs.js:112:15)
43 verbose cwd C:\Users\Owner\Desktop\ReactWeather
44 error Windows_NT 6.3.9600
45 error argv "C:\\Program Files\\nodejs\\node.exe" "C:\\Program Files\\nodejs\\node_modules\\npm\\bin\\npm-cli.js" "install" "foundation-sites@6.2.-" "--save-exact" "--save-dev"
46 error node v7.4.0
47 error npm  v4.0.5
48 error code ETARGET
49 error notarget No compatible version found: foundation-sites@6.2.-
49 error notarget Valid install targets:
49 error notarget 6.3.0, 6.3.0-rc3, 6.3.0-rc2, 6.3.0-rc1, 6.2.4, 6.2.4-rc2, 6.2.4-rc1, 6.2.3, 6.2.2-rc2, 6.2.2-rc1, 6.2.2-0, 6.2.1, 6.2.0, 6.2.0-rc.1, 6.1.2, 6.1.1, 6.1.0, 6.0.6, 6.0.5, 6.0.4, 6.0.3, 6.0.2, 6.0.1, 6.0.0, 6.0.0-alpha.2, 6.0.0-alpha.1, 5.5.3, 5.5.2
50 error notarget This is most likely not a problem with npm itself.
50 error notarget In most cases you or one of your dependencies are requesting
50 error notarget a package version that doesn't exist.
51 verbose exit [ 1, true ]
